# JRE version: OpenJDK Runtime Environment (8.0_91-b14) (build 1.8.0_91-8u91-b14-0ubuntu4~16.04.1-b14)
# Java VM: OpenJDK 64-Bit Server VM (25.91-b14 mixed mode linux-amd64 compressed oops)
Heap:
 PSYoungGen      total 520192K, used 392704K [0x00000000d5580000, 0x0000000100000000, 0x0000000100000000)
  eden space 392704K, 100% used [0x00000000d5580000,0x00000000ed500000,0x00000000ed500000)
  from space 127488K, 0% used [0x00000000f8380000,0x00000000f8380000,0x0000000100000000)
  to   space 153088K, 40% used [0x00000000ed500000,0x00000000f1234d18,0x00000000f6a80000)
 ParOldGen       total 435712K, used 300620K [0x0000000080000000, 0x000000009a980000, 0x00000000d5580000)
  object space 435712K, 68% used [0x0000000080000000,0x0000000092593028,0x000000009a980000)
 Metaspace       used 84253K, capacity 87026K, committed 87336K, reserved 1126400K
  class space    used 9889K, capacity 10486K, committed 10544K, reserved 1048576K
GC Heap History (10 events):
Event: 978.775 GC heap after
Heap after GC invocations=30 (full 6):
 PSYoungGen      total 563200K, used 87786K [0x00000000d5580000, 0x0000000100000000, 0x0000000100000000)
  eden space 443904K, 0% used [0x00000000d5580000,0x00000000d5580000,0x00000000f0700000)
  from space 119296K, 73% used [0x00000000f8b80000,0x00000000fe13abb8,0x0000000100000000)
  to   space 127488K, 0% used [0x00000000f0700000,0x00000000f0700000,0x00000000f8380000)
 ParOldGen       total 300032K, used 198176K [0x0000000080000000, 0x0000000092500000, 0x00000000d5580000)
  object space 300032K, 66% used [0x0000000080000000,0x000000008c188168,0x0000000092500000)
 Metaspace       used 78876K, capacity 81138K, committed 81320K, reserved 1120256K
  class space    used 9354K, capacity 9864K, committed 9904K, reserved 1048576K
}
Event: 1016.333 GC heap before
{Heap before GC invocations=31 (full 6):
 PSYoungGen      total 563200K, used 531690K [0x00000000d5580000, 0x0000000100000000, 0x0000000100000000)
  eden space 443904K, 100% used [0x00000000d5580000,0x00000000f0700000,0x00000000f0700000)
  from space 119296K, 73% used [0x00000000f8b80000,0x00000000fe13abb8,0x0000000100000000)
  to   space 127488K, 0% used [0x00000000f0700000,0x00000000f0700000,0x00000000f8380000)
 ParOldGen       total 300032K, used 198176K [0x0000000080000000, 0x0000000092500000, 0x00000000d5580000)
  object space 300032K, 66% used [0x0000000080000000,0x000000008c188168,0x0000000092500000)
 Metaspace       used 80113K, capacity 82454K, committed 82728K, reserved 1122304K
  class space    used 9455K, capacity 9982K, committed 10032K, reserved 1048576K
Event: 1023.397 GC heap after
Heap after GC invocations=31 (full 6):
 PSYoungGen      total 571392K, used 127471K [0x00000000d5580000, 0x0000000100000000, 0x0000000100000000)
  eden space 443904K, 0% used [0x00000000d5580000,0x00000000d5580000,0x00000000f0700000)
  from space 127488K, 99% used [0x00000000f0700000,0x00000000f837bfd0,0x00000000f8380000)
  to   space 127488K, 0% used [0x00000000f8380000,0x00000000f8380000,0x0000000100000000)
 ParOldGen       total 300032K, used 231360K [0x0000000080000000, 0x0000000092500000, 0x00000000d5580000)
  object space 300032K, 77% used [0x0000000080000000,0x000000008e1f00b8,0x0000000092500000)
 Metaspace       used 80113K, capacity 82454K, committed 82728K, reserved 1122304K
  class space    used 9455K, capacity 9982K, committed 10032K, reserved 1048576K
}
Event: 1077.747 GC heap before
{Heap before GC invocations=32 (full 6):
 PSYoungGen      total 571392K, used 552914K [0x00000000d5580000, 0x0000000100000000, 0x0000000100000000)
  eden space 443904K, 95% used [0x00000000d5580000,0x00000000ef4f8a10,0x00000000f0700000)
  from space 127488K, 99% used [0x00000000f0700000,0x00000000f837bfd0,0x00000000f8380000)
  to   space 127488K, 0% used [0x00000000f8380000,0x00000000f8380000,0x0000000100000000)
 ParOldGen       total 300032K, used 231360K [0x0000000080000000, 0x0000000092500000, 0x00000000d5580000)
  object space 300032K, 77% used [0x0000000080000000,0x000000008e1f00b8,0x0000000092500000)
 Metaspace       used 82373K, capacity 84888K, committed 85160K, reserved 1124352K
  class space    used 9727K, capacity 10293K, committed 10416K, reserved 1048576K
Event: 1086.489 GC heap after
Heap after GC invocations=32 (full 6):
 PSYoungGen      total 520192K, used 66012K [0x00000000d5580000, 0x0000000100000000, 0x0000000100000000)
  eden space 392704K, 0% used [0x00000000d5580000,0x00000000d5580000,0x00000000ed500000)
  from space 127488K, 51% used [0x00000000f8380000,0x00000000fc3f7238,0x0000000100000000)
  to   space 153088K, 0% used [0x00000000ed500000,0x00000000ed500000,0x00000000f6a80000)
 ParOldGen       total 300032K, used 282963K [0x0000000080000000, 0x0000000092500000, 0x00000000d5580000)
  object space 300032K, 94% used [0x0000000080000000,0x0000000091454c80,0x0000000092500000)
 Metaspace       used 82373K, capacity 84888K, committed 85160K, reserved 1124352K
  class space    used 9727K, capacity 10293K, committed 10416K, reserved 1048576K
}
Event: 1086.491 GC heap before
{Heap before GC invocations=33 (full 7):
 PSYoungGen      total 520192K, used 66012K [0x00000000d5580000, 0x0000000100000000, 0x0000000100000000)
  eden space 392704K, 0% used [0x00000000d5580000,0x00000000d5580000,0x00000000ed500000)
  from space 127488K, 51% used [0x00000000f8380000,0x00000000fc3f7238,0x0000000100000000)
  to   space 153088K, 0% used [0x00000000ed500000,0x00000000ed500000,0x00000000f6a80000)
 ParOldGen       total 300032K, used 282963K [0x0000000080000000, 0x0000000092500000, 0x00000000d5580000)
  object space 300032K, 94% used [0x0000000080000000,0x0000000091454c80,0x0000000092500000)
 Metaspace       used 82373K, capacity 84888K, committed 85160K, reserved 1124352K
  class space    used 9727K, capacity 10293K, committed 10416K, reserved 1048576K
Event: 1127.276 GC heap after
Heap after GC invocations=33 (full 7):
 PSYoungGen      total 520192K, used 28532K [0x00000000d5580000, 0x0000000100000000, 0x0000000100000000)
  eden space 392704K, 0% used [0x00000000d5580000,0x00000000d5580000,0x00000000ed500000)
  from space 127488K, 22% used [0x00000000f8380000,0x00000000f9f5d180,0x0000000100000000)
  to   space 153088K, 0% used [0x00000000ed500000,0x00000000ed500000,0x00000000f6a80000)
 ParOldGen       total 300032K, used 299796K [0x0000000080000000, 0x0000000092500000, 0x00000000d5580000)
  object space 300032K, 99% used [0x0000000080000000,0x00000000924c52f8,0x0000000092500000)
 Metaspace       used 82373K, capacity 84888K, committed 85160K, reserved 1124352K
  class space    used 9727K, capacity 10293K, committed 10416K, reserved 1048576K
}
Event: 1233.353 GC heap before
{Heap before GC invocations=34 (full 8):
 PSYoungGen      total 520192K, used 421236K [0x00000000d5580000, 0x0000000100000000, 0x0000000100000000)
  eden space 392704K, 100% used [0x00000000d5580000,0x00000000ed500000,0x00000000ed500000)
  from space 127488K, 22% used [0x00000000f8380000,0x00000000f9f5d180,0x0000000100000000)
  to   space 153088K, 0% used [0x00000000ed500000,0x00000000ed500000,0x00000000f6a80000)
 ParOldGen       total 300032K, used 299796K [0x0000000080000000, 0x0000000092500000, 0x00000000d5580000)
  object space 300032K, 99% used [0x0000000080000000,0x00000000924c52f8,0x0000000092500000)
 Metaspace       used 83953K, capacity 86638K, committed 86824K, reserved 1126400K
  class space    used 9888K, capacity 10486K, committed 10544K, reserved 1048576K
Event: 1262.468 GC heap after
Heap after GC invocations=34 (full 8):
 PSYoungGen      total 520192K, used 110333K [0x00000000d5580000, 0x0000000100000000, 0x0000000100000000)
  eden space 392704K, 28% used [0x00000000d5580000,0x00000000dc13f638,0x00000000ed500000)
  from space 127488K, 0% used [0x00000000f8380000,0x00000000f8380000,0x0000000100000000)
  to   space 153088K, 0% used [0x00000000ed500000,0x00000000ed500000,0x00000000f6a80000)
 ParOldGen       total 435712K, used 300028K [0x0000000080000000, 0x000000009a980000, 0x00000000d5580000)
  object space 435712K, 68% used [0x0000000080000000,0x00000000924ff028,0x000000009a980000)
 Metaspace       used 83953K, capacity 86638K, committed 86824K, reserved 1126400K
  class space    used 9888K, capacity 10486K, committed 10544K, reserved 1048576K
}
Event: 1293.282 GC heap before
{Heap before GC invocations=35 (full 8):
 PSYoungGen      total 520192K, used 392704K [0x00000000d5580000, 0x0000000100000000, 0x0000000100000000)
  eden space 392704K, 100% used [0x00000000d5580000,0x00000000ed500000,0x00000000ed500000)
  from space 127488K, 0% used [0x00000000f8380000,0x00000000f8380000,0x0000000100000000)
  to   space 153088K, 0% used [0x00000000ed500000,0x00000000ed500000,0x00000000f6a80000)
 ParOldGen       total 435712K, used 300028K [0x0000000080000000, 0x000000009a980000, 0x00000000d5580000)
  object space 435712K, 68% used [0x0000000080000000,0x00000000924ff028,0x000000009a980000)
 Metaspace       used 84253K, capacity 87026K, committed 87336K, reserved 1126400K
  class space    used 9889K, capacity 10486K, committed 10544K, reserved 1048576K

