# JRE version: OpenJDK Runtime Environment (8.0_91-b14) (build 1.8.0_91-8u91-b14-0ubuntu4~16.04.1-b14)
# Java VM: OpenJDK 64-Bit Server VM (25.91-b14 mixed mode linux-amd64 compressed oops)
Heap:
 PSYoungGen      total 477184K, used 0K [0x00000000d5580000, 0x0000000100000000, 0x0000000100000000)
  eden space 255488K, 0% used [0x00000000d5580000,0x00000000d5580000,0x00000000e4f00000)
  from space 221696K, 0% used [0x00000000e4f00000,0x00000000e4f00000,0x00000000f2780000)
  to   space 208384K, 0% used [0x00000000f3480000,0x00000000f3480000,0x0000000100000000)
 ParOldGen       total 509440K, used 425943K [0x0000000080000000, 0x000000009f180000, 0x00000000d5580000)
  object space 509440K, 83% used [0x0000000080000000,0x0000000099ff5c60,0x000000009f180000)
 Metaspace       used 69083K, capacity 70463K, committed 70696K, reserved 1112064K
  class space    used 8577K, capacity 8970K, committed 9008K, reserved 1048576K
GC Heap History (10 events):
Event: 281.282 GC heap after
Heap after GC invocations=28 (full 4):
 PSYoungGen      total 453632K, used 129524K [0x00000000d5580000, 0x0000000100000000, 0x0000000100000000)
  eden space 324096K, 0% used [0x00000000d5580000,0x00000000d5580000,0x00000000e9200000)
  from space 129536K, 99% used [0x00000000f6480000,0x00000000fe2fd248,0x00000000fe300000)
  to   space 187392K, 0% used [0x00000000e9200000,0x00000000e9200000,0x00000000f4900000)
 ParOldGen       total 273920K, used 273466K [0x0000000080000000, 0x0000000090b80000, 0x00000000d5580000)
  object space 273920K, 99% used [0x0000000080000000,0x0000000090b0ea68,0x0000000090b80000)
 Metaspace       used 69047K, capacity 70463K, committed 70696K, reserved 1112064K
  class space    used 8577K, capacity 8970K, committed 9008K, reserved 1048576K
}
Event: 281.285 GC heap before
{Heap before GC invocations=29 (full 5):
 PSYoungGen      total 453632K, used 129524K [0x00000000d5580000, 0x0000000100000000, 0x0000000100000000)
  eden space 324096K, 0% used [0x00000000d5580000,0x00000000d5580000,0x00000000e9200000)
  from space 129536K, 99% used [0x00000000f6480000,0x00000000fe2fd248,0x00000000fe300000)
  to   space 187392K, 0% used [0x00000000e9200000,0x00000000e9200000,0x00000000f4900000)
 ParOldGen       total 273920K, used 273466K [0x0000000080000000, 0x0000000090b80000, 0x00000000d5580000)
  object space 273920K, 99% used [0x0000000080000000,0x0000000090b0ea68,0x0000000090b80000)
 Metaspace       used 69047K, capacity 70463K, committed 70696K, reserved 1112064K
  class space    used 8577K, capacity 8970K, committed 9008K, reserved 1048576K
Event: 293.048 GC heap after
Heap after GC invocations=29 (full 5):
 PSYoungGen      total 453632K, used 85199K [0x00000000d5580000, 0x0000000100000000, 0x0000000100000000)
  eden space 324096K, 0% used [0x00000000d5580000,0x00000000d5580000,0x00000000e9200000)
  from space 129536K, 65% used [0x00000000f6480000,0x00000000fb7b3e20,0x00000000fe300000)
  to   space 187392K, 0% used [0x00000000e9200000,0x00000000e9200000,0x00000000f4900000)
 ParOldGen       total 425984K, used 273732K [0x0000000080000000, 0x000000009a000000, 0x00000000d5580000)
  object space 425984K, 64% used [0x0000000080000000,0x0000000090b512f8,0x000000009a000000)
 Metaspace       used 69047K, capacity 70463K, committed 70696K, reserved 1112064K
  class space    used 8577K, capacity 8970K, committed 9008K, reserved 1048576K
}
Event: 300.000 GC heap before
{Heap before GC invocations=30 (full 5):
 PSYoungGen      total 453632K, used 409295K [0x00000000d5580000, 0x0000000100000000, 0x0000000100000000)
  eden space 324096K, 100% used [0x00000000d5580000,0x00000000e9200000,0x00000000e9200000)
  from space 129536K, 65% used [0x00000000f6480000,0x00000000fb7b3e20,0x00000000fe300000)
  to   space 187392K, 0% used [0x00000000e9200000,0x00000000e9200000,0x00000000f4900000)
 ParOldGen       total 425984K, used 273732K [0x0000000080000000, 0x000000009a000000, 0x00000000d5580000)
  object space 425984K, 64% used [0x0000000080000000,0x0000000090b512f8,0x000000009a000000)
 Metaspace       used 69054K, capacity 70463K, committed 70696K, reserved 1112064K
  class space    used 8577K, capacity 8970K, committed 9008K, reserved 1048576K
Event: 302.329 GC heap after
Heap after GC invocations=30 (full 5):
 PSYoungGen      total 431616K, used 107125K [0x00000000d5580000, 0x0000000100000000, 0x0000000100000000)
  eden space 324096K, 0% used [0x00000000d5580000,0x00000000d5580000,0x00000000e9200000)
  from space 107520K, 99% used [0x00000000e9200000,0x00000000efa9d5a8,0x00000000efb00000)
  to   space 189952K, 0% used [0x00000000f4680000,0x00000000f4680000,0x0000000100000000)
 ParOldGen       total 425984K, used 296592K [0x0000000080000000, 0x000000009a000000, 0x00000000d5580000)
  object space 425984K, 69% used [0x0000000080000000,0x00000000921a4350,0x000000009a000000)
 Metaspace       used 69054K, capacity 70463K, committed 70696K, reserved 1112064K
  class space    used 8577K, capacity 8970K, committed 9008K, reserved 1048576K
}
Event: 312.849 GC heap before
{Heap before GC invocations=31 (full 5):
 PSYoungGen      total 431616K, used 431221K [0x00000000d5580000, 0x0000000100000000, 0x0000000100000000)
  eden space 324096K, 100% used [0x00000000d5580000,0x00000000e9200000,0x00000000e9200000)
  from space 107520K, 99% used [0x00000000e9200000,0x00000000efa9d5a8,0x00000000efb00000)
  to   space 189952K, 0% used [0x00000000f4680000,0x00000000f4680000,0x0000000100000000)
 ParOldGen       total 425984K, used 299804K [0x0000000080000000, 0x000000009a000000, 0x00000000d5580000)
  object space 425984K, 70% used [0x0000000080000000,0x00000000924c7010,0x000000009a000000)
 Metaspace       used 69082K, capacity 70463K, committed 70696K, reserved 1112064K
  class space    used 8577K, capacity 8970K, committed 9008K, reserved 1048576K
Event: 314.791 GC heap after
Heap after GC invocations=31 (full 5):
 PSYoungGen      total 445440K, used 189606K [0x00000000d5580000, 0x0000000100000000, 0x0000000100000000)
  eden space 255488K, 0% used [0x00000000d5580000,0x00000000d5580000,0x00000000e4f00000)
  from space 189952K, 99% used [0x00000000f4680000,0x00000000fffa9b80,0x0000000100000000)
  to   space 221696K, 0% used [0x00000000e4f00000,0x00000000e4f00000,0x00000000f2780000)
 ParOldGen       total 425984K, used 319529K [0x0000000080000000, 0x000000009a000000, 0x00000000d5580000)
  object space 425984K, 75% used [0x0000000080000000,0x000000009380a718,0x000000009a000000)
 Metaspace       used 69082K, capacity 70463K, committed 70696K, reserved 1112064K
  class space    used 8577K, capacity 8970K, committed 9008K, reserved 1048576K
}
Event: 318.000 GC heap before
{Heap before GC invocations=32 (full 5):
 PSYoungGen      total 445440K, used 445094K [0x00000000d5580000, 0x0000000100000000, 0x0000000100000000)
  eden space 255488K, 100% used [0x00000000d5580000,0x00000000e4f00000,0x00000000e4f00000)
  from space 189952K, 99% used [0x00000000f4680000,0x00000000fffa9b80,0x0000000100000000)
  to   space 221696K, 0% used [0x00000000e4f00000,0x00000000e4f00000,0x00000000f2780000)
 ParOldGen       total 425984K, used 319531K [0x0000000080000000, 0x000000009a000000, 0x00000000d5580000)
  object space 425984K, 75% used [0x0000000080000000,0x000000009380aee8,0x000000009a000000)
 Metaspace       used 69083K, capacity 70463K, committed 70696K, reserved 1112064K
  class space    used 8577K, capacity 8970K, committed 9008K, reserved 1048576K
Event: 332.473 GC heap after
Heap after GC invocations=32 (full 5):
 PSYoungGen      total 477184K, used 82113K [0x00000000d5580000, 0x0000000100000000, 0x0000000100000000)
  eden space 255488K, 0% used [0x00000000d5580000,0x00000000d5580000,0x00000000e4f00000)
  from space 221696K, 37% used [0x00000000e4f00000,0x00000000e9f305b8,0x00000000f2780000)
  to   space 208384K, 0% used [0x00000000f3480000,0x00000000f3480000,0x0000000100000000)
 ParOldGen       total 509440K, used 508994K [0x0000000080000000, 0x000000009f180000, 0x00000000d5580000)
  object space 509440K, 99% used [0x0000000080000000,0x000000009f110ac8,0x000000009f180000)
 Metaspace       used 69083K, capacity 70463K, committed 70696K, reserved 1112064K
  class space    used 8577K, capacity 8970K, committed 9008K, reserved 1048576K
}
Event: 335.795 GC heap before
{Heap before GC invocations=33 (full 6):
 PSYoungGen      total 477184K, used 82113K [0x00000000d5580000, 0x0000000100000000, 0x0000000100000000)
  eden space 255488K, 0% used [0x00000000d5580000,0x00000000d5580000,0x00000000e4f00000)
  from space 221696K, 37% used [0x00000000e4f00000,0x00000000e9f305b8,0x00000000f2780000)
  to   space 208384K, 0% used [0x00000000f3480000,0x00000000f3480000,0x0000000100000000)
 ParOldGen       total 509440K, used 508994K [0x0000000080000000, 0x000000009f180000, 0x00000000d5580000)
  object space 509440K, 99% used [0x0000000080000000,0x000000009f110ac8,0x000000009f180000)
 Metaspace       used 69083K, capacity 70463K, committed 70696K, reserved 1112064K
  class space    used 8577K, capacity 8970K, committed 9008K, reserved 1048576K

